SF:lib/data/data_source/remote_data_source/home_remote.dart
DA:8,0
DA:10,0
DA:13,0
DA:14,0
DA:16,0
DA:17,0
DA:19,0
DA:20,0
DA:21,0
DA:25,0
DA:29,0
DA:31,0
DA:32,0
DA:34,0
DA:35,0
DA:36,0
DA:40,0
DA:48,0
DA:49,0
DA:51,0
DA:52,0
DA:53,0
DA:55,0
DA:56,0
DA:57,0
DA:59,0
DA:61,0
DA:64,0
LF:28
LH:0
end_of_record
SF:lib/data/repositorise/home_repositorise.dart
DA:11,1
DA:13,1
DA:15,2
DA:17,4
DA:18,1
DA:21,0
DA:23,0
DA:24,0
DA:25,0
DA:26,0
LF:10
LH:5
end_of_record
SF:lib/data/model/responseModelRemote/response_model.dart
DA:7,0
DA:9,0
DA:16,0
DA:22,0
DA:23,0
DA:24,0
DA:25,0
DA:28,0
DA:29,0
DA:30,0
DA:31,0
LF:11
LH:0
end_of_record
SF:lib/data/model/home_model.dart
DA:7,0
DA:9,0
DA:20,1
DA:30,2
DA:31,1
DA:32,1
DA:33,5
DA:34,1
DA:35,1
DA:36,1
DA:37,1
DA:40,0
DA:41,0
DA:42,0
DA:43,0
DA:44,0
DA:45,0
DA:46,0
DA:47,0
DA:56,0
DA:62,0
DA:63,0
DA:64,0
DA:65,0
DA:68,0
DA:69,0
DA:70,0
DA:71,0
LF:28
LH:9
end_of_record
